\BOOKMARK [0][]{toc.0}{Contents}{}% 1
\BOOKMARK [0][]{chapter.1}{1 Introduction}{}% 2
\BOOKMARK [0][]{chapter.2}{2 Theoretical Background}{}% 3
\BOOKMARK [1][]{section.2.1}{2.1 State-Of-The-Art}{chapter.2}% 4
\BOOKMARK [1][]{section.2.2}{2.2 Modal Analysis}{chapter.2}% 5
\BOOKMARK [2][]{subsection.2.2.1}{2.2.1 Data Extraction}{section.2.2}% 6
\BOOKMARK [1][]{section.2.3}{2.3 Modal Synthesis}{chapter.2}% 7
\BOOKMARK [2][]{subsection.2.3.1}{2.3.1 Sinusoidal Additive Synthesis}{section.2.3}% 8
\BOOKMARK [2][]{subsection.2.3.2}{2.3.2 Filter-based Modal Synthesis}{section.2.3}% 9
\BOOKMARK [0][]{chapter.3}{3 Method}{}% 10
\BOOKMARK [1][]{section.3.1}{3.1 Chuck language}{chapter.3}% 11
\BOOKMARK [1][]{section.3.2}{3.2 PureData}{chapter.3}% 12
\BOOKMARK [1][]{section.3.3}{3.3 Heavy Compiler}{chapter.3}% 13
\BOOKMARK [1][]{section.3.4}{3.4 Unity\256}{chapter.3}% 14
\BOOKMARK [1][]{section.3.5}{3.5 Overview}{chapter.3}% 15
\BOOKMARK [0][]{chapter.4}{4 Measurements}{}% 16
\BOOKMARK [1][]{section.4.1}{4.1 Recordings}{chapter.4}% 17
\BOOKMARK [1][]{section.4.2}{4.2 User tests}{chapter.4}% 18
\BOOKMARK [0][]{chapter.5}{5 Implementation}{}% 19
\BOOKMARK [1][]{section.5.1}{5.1 Impact Sounds}{chapter.5}% 20
\BOOKMARK [2][]{subsection.5.1.1}{5.1.1 Sinusoidal Additive Synthesis}{section.5.1}% 21
\BOOKMARK [2][]{subsection.5.1.2}{5.1.2 Filter-based Modal Synthesis}{section.5.1}% 22
\BOOKMARK [1][]{section.5.2}{5.2 Rolling Sounds}{chapter.5}% 23
\BOOKMARK [1][]{section.5.3}{5.3 Scratching Sounds}{chapter.5}% 24
\BOOKMARK [1][]{section.5.4}{5.4 User Interface}{chapter.5}% 25
\BOOKMARK [0][]{chapter.6}{6 Results \046 Discussion}{}% 26
\BOOKMARK [1][]{section.6.1}{6.1 Results}{chapter.6}% 27
\BOOKMARK [1][]{section.6.2}{6.2 Discussion}{chapter.6}% 28
\BOOKMARK [2][]{subsection.6.2.1}{6.2.1 Bugs - to make better}{section.6.2}% 29
\BOOKMARK [2][]{subsection.6.2.2}{6.2.2 Which Synthesis Method Is Better?}{section.6.2}% 30
\BOOKMARK [2][]{subsection.6.2.3}{6.2.3 Did we manage to achieve what we wanted?}{section.6.2}% 31
\BOOKMARK [2][]{subsection.6.2.4}{6.2.4 How can we improve our work?}{section.6.2}% 32
\BOOKMARK [0][]{chapter.7}{7 Conclusion}{}% 33
\BOOKMARK [0][]{appendix.A}{A Results of tests to users}{}% 34
\BOOKMARK [0][]{appendix.B}{B User Guide to our product}{}% 35
\BOOKMARK [0][]{appendix.B}{Bibliography}{}% 36
